<?xml version="1.0" encoding="UTF-8"?>
<testsuite xmlns:xsi="http://www.w3.org/2001/XMLSchema-instance" xsi:noNamespaceSchemaLocation="https://maven.apache.org/surefire/maven-surefire-plugin/xsd/surefire-test-report-3.0.xsd" version="3.0" name="TestSuite" time="35.096" tests="3" errors="0" skipped="0" failures="2">
  <properties>
[...]
</properties>
  <testcase name="runScenario" classname="cucumberOptions.TestNGTestRunner" time="22.165">
    <failure message="expected [Tomato] but found [Beetroot]" type="java.lang.AssertionError"><![CDATA[java.lang.AssertionError: expected [Tomato] but found [Beetroot]
]]></failure>
    <system-out><![CDATA[
@PlaceOrder
Scenario Outline: search experince for product and place order                          # src/test/java/features/checkout.feature:31

@offersPage
Scenario Outline: search experince for product search in both home and offer page # src/test/java/features/searchProduct.feature:30

@offersPage
Scenario Outline: search experince for product search in both home and offer page # src/test/java/features/searchProduct.feature:31
  Given user is on Greenkart landing page                                         # stepDefinations.LandingpageStepDefination.user_is_on_greenkart_landing_page()
  Given user is on Greenkart landing page                                         # stepDefinations.LandingpageStepDefination.user_is_on_greenkart_landing_page()
  Given user is on Greenkart landing page                                               # stepDefinations.LandingpageStepDefination.user_is_on_greenkart_landing_page()
  When user searched with short name Tom and extracted actual name of product     # stepDefinations.LandingpageStepDefination.user_searched_with_short_name_and_extracted_actual_name_of_product(java.lang.String)
  When user searched with short name Beet and extracted actual name of product    # stepDefinations.LandingpageStepDefination.user_searched_with_short_name_and_extracted_actual_name_of_product(java.lang.String)
  Then user searched with for Tom short name in offers page                       # stepDefinations.offerpageStepDefination.user_searched_with_for_short_name_in_offers_page(java.lang.String)
  And validate product name in offer page matches with landing page               # stepDefinations.offerpageStepDefination.validate_product_name_in_offer_page_matches_with_landing_page()
      java.lang.AssertionError: expected [Tomato] but found [Beetroot]
	at org.testng.Assert.fail(Assert.java:110)
	at org.testng.Assert.failNotEquals(Assert.java:1413)
	at org.testng.Assert.assertEqualsImpl(Assert.java:149)
	at org.testng.Assert.assertEquals(Assert.java:131)
	at org.testng.Assert.assertEquals(Assert.java:655)
	at org.testng.Assert.assertEquals(Assert.java:665)
	at stepDefinations.offerpageStepDefination.validate_product_name_in_offer_page_matches_with_landing_page(offerpageStepDefination.java:39)
	at âœ½.validate product name in offer page matches with landing page(file:///C:/Users/naimt/eclipse-workspace/cucumberframework/src/test/java/features/searchProduct.feature:26)

  Then user searched with for Beet short name in offers page                      # stepDefinations.offerpageStepDefination.user_searched_with_for_short_name_in_offers_page(java.lang.String)
  And validate product name in offer page matches with landing page               # stepDefinations.offerpageStepDefination.validate_product_name_in_offer_page_matches_with_landing_page()
      java.lang.AssertionError: expected [No data] but found [Beetroot]
	at org.testng.Assert.fail(Assert.java:110)
	at org.testng.Assert.failNotEquals(Assert.java:1413)
	at org.testng.Assert.assertEqualsImpl(Assert.java:149)
	at org.testng.Assert.assertEquals(Assert.java:131)
	at org.testng.Assert.assertEquals(Assert.java:655)
	at org.testng.Assert.assertEquals(Assert.java:665)
	at stepDefinations.offerpageStepDefination.validate_product_name_in_offer_page_matches_with_landing_page(offerpageStepDefination.java:39)
	at âœ½.validate product name in offer page matches with landing page(file:///C:/Users/naimt/eclipse-workspace/cucumberframework/src/test/java/features/searchProduct.feature:26)


    Embedding image [image/png 71272 bytes]

  When user searched with short name Tomato - 1 Kg and extracted actual name of product # stepDefinations.LandingpageStepDefination.user_searched_with_short_name_and_extracted_actual_name_of_product(java.lang.String)

    Embedding image [image/png 61076 bytes]

]]></system-out>
    <system-err><![CDATA[SLF4J: Failed to load class "org.slf4j.impl.StaticLoggerBinder".
SLF4J: Defaulting to no-operation (NOP) logger implementation
SLF4J: See http://www.slf4j.org/codes.html#StaticLoggerBinder for further details.
Starting Microsoft Edge WebDriver 108.0.1462.54 (c2998c8c661724d797c22f48cf555a2bef5029ee) on port 58456
To submit feedback, report a bug, or suggest new features, please visit https://github.com/MicrosoftEdge/EdgeWebDriver

Only local connections are allSotwaerdt.ing
Please see https://aka.ms/WebDriverSecurity for suggestions on  kMeiecprionsgo fMti cErdogseo fWte bEDdrgiev eWre b10D8r.i0v.e1r4 62sa.f5e4. (
c2
998c8c661724d797c22f48cf555a2bef5029ee) on port 57662
To submit feedback, report a bug, or suggest new features, please visit https://github.com/MicrosoftEdge/EdgeWebDriver

Only local connections are allowed.
Please see https://aka.ms/WebDriverSecurity for suggestions on keeping Microsoft Edge WebDriver safe.

Starting Microsoft Edge WebDriver 108.0.1462.54 (c2998c8c661724d797c22f48cf555a2bef5029ee) on port 51796
To submit feedback, report a bug, or suggest new features, please visit https://github.com/MicrosoftEdge/EdgeWebDriver

Only local connections are allowed.
Please see https://aka.ms/WebDriverSecurity for suggestions on keeping Microsoft Edge WebDriver safe.

Microsoft Edge WebDriver was started successfully.
MicrosoMfitc Edgreo sWoefbtD rEidverge  WweabDsr isvetar rwtaesd  sstuarcted cseuccesssfusflluyl.ly
.
Dec 24, 2022 8:10:13 PM org.openqa.selenium.remote.ProtocolHandshake createSession
INFO: Detected dialect: W3C
Dec 24, 2022 8:10:13 PM org.openqa.selenium.devtools.CdpVersionFinder findNearestMatch
WARNING: Unable to find an exact match for CDP version 108, so returning the closest version found: a no-op implementation
Dec 24, 2022 8:10:13 PM org.openqa.selenium.devtools.CdpVersionFinder findNearestMatch
INFO: Unable to find CDP implementation matching 108.
Dec 24, 2022 8:10:13 PM org.openqa.selenium.chromium.ChromiumDriver lambda$new$3
WARNING: Unable to find version of CDP to use for . You may need to include a dependency on a specific version of the CDP using something similar to `org.seleniumhq.selenium:selenium-devtools-v86:4.1.1` where the version ("v86") matches the version of the chromium-based browser you're using and the version number of the artifact is the same as Selenium's.
Dec 24, 2022 8:10:16 PM org.openqa.selenium.remote.ProtocolHandshake createSession
INFO: Detected dialect: W3C
Dec 24, 2022 8:10:16 PM org.openqa.selenium.devtools.CdpVersionFinder findNearestMatch
WARNING: Unable to find an exact match for CDP version 108, so returning the closest version found: a no-op implementation
Dec 24, 2022 8:10:16 PM org.openqa.selenium.devtools.CdpVersionFinder findNearestMatch
INFO: Unable to find CDP implementation matching 108.
Dec 24, 2022 8:10:16 PM org.openqa.selenium.chromium.ChromiumDriver lambda$new$3
WARNING: Unable to find version of CDP to use for . You may need to include a dependency on a specific version of the CDP using something similar to `org.seleniumhq.selenium:selenium-devtools-v86:4.1.1` where the version ("v86") matches the version of the chromium-based browser you're using and the version number of the artifact is the same as Selenium's.
Dec 24, 2022 8:10:16 PM org.openqa.selenium.remote.ProtocolHandshake createSession
INFO: Detected dialect: W3C
Dec 24, 2022 8:10:16 PM org.openqa.selenium.devtools.CdpVersionFinder findNearestMatch
WARNING: Unable to find an exact match for CDP version 108, so returning the closest version found: a no-op implementation
Dec 24, 2022 8:10:16 PM org.openqa.selenium.devtools.CdpVersionFinder findNearestMatch
INFO: Unable to find CDP implementation matching 108.
Dec 24, 2022 8:10:16 PM org.openqa.selenium.chromium.ChromiumDriver lambda$new$3
WARNING: Unable to find version of CDP to use for . You may need to include a dependency on a specific version of the CDP using something similar to `org.seleniumhq.selenium:selenium-devtools-v86:4.1.1` where the version ("v86") matches the version of the chromium-based browser you're using and the version number of the artifact is the same as Selenium's.
]]></system-err>
  </testcase>
  <testcase name="runScenario" classname="cucumberOptions.TestNGTestRunner" time="23.164">
    <failure message="expected [No data] but found [Beetroot]" type="java.lang.AssertionError"><![CDATA[java.lang.AssertionError: expected [No data] but found [Beetroot]
]]></failure>
  </testcase>
  <testcase name="runScenario" classname="cucumberOptions.TestNGTestRunner" time="33.111"/>
</testsuite>